           __                  __
            ( _)                ( _)
           / / \\              / /\_\_
          / /   \\            / / | \ \
         / /     \\          / /  |\ \ \
        /  /   ,  \ ,       / /   /|  \ \
       /  /    |\_ /|      / /   / \   \_\
      /  /  |\/ _ '_| \   / /   /   \    \\
     |  /   |/  - \ -\    / |    |    \    \\
     |    |\|      \_\_ /  /    |     \    \\
     |  | |/    \.\ o\o)  /      \     |    \\
     \    |     /\\`v-v  /        |    |     \\
      | \/    /_| \\_|  /         |    | \    \\
      | |    /__/_ `-` /   _____  |    |  \    \\
      \|    [__]  \_/  |_________  \   |   \    ()
       /    [___] (    \         \  |\ |   |   //
      |    [___]                  |\| \|   /  |/
     /|    [____]                  \  |/\ / / ||
    (  \   [____ /     ) _\      \  \    \| | ||
     \  \  [_____|    / /     __/    \   / / //
     |   \ [_____/   / /        \    |   \/ //
     |   /  '----|   /=\____   _/    |   / //
  __ /  /        |  /   ___/  _/\    \  | ||
 (/-(/-\)       /   \  (/\/\)/  |    /  | /
               (/\/\)           /   /   //
                      _________/   /    /
                     \_ITB________/    (
