                                                                                                                
                                                                                                                
           wqqwwwwww                                                                                            
       &dqwwwwwwwqwwwqw-                                                                                        
       qwwwwwwwwwwwwwwww&&                                                                                      
     qqqwwwwwqqppqwwwwqwwwwwwwwwwwwwwwwwwqwwm                        &&qwwwqwqwwwwqwwwww-&                      
     wwqwwwwk&    mwqqwwwwwwwwwwwwwwwwwwwwwwwwwww-&              -mqqqwwwwwwwwwwwwwwwwwwwwwwm&                  
     qqwwwwq-     pqqqwwwwwwwwwwwwwwwwwwwwwwwwwwwwqqw          wqwwqwwwwwwwwwwwwwwwwwwwwwwwwwwqh&               
     qwwwwqwd     qqwwwwwwwwwwwwwwwwwwwwwwwwwwwwwwwqwwq    &-wwwwwwwwwwwwwwwwwwwwwwwwwwwwwwwwwwwwwm             
     wwwwwwwww-&kqqwqwwwqwwwwwwwwwwwwqqwwwwwwwwwwwwwwwwqw&zwwwqwwwwwwwwwwwwwwwwqqwwwqwwwwwwwwwwwwwwpw           
     &&wwwwwwwwqqwwwwqqwCz              wwwwwqwwwwwwwwwwwwwwwwwwwwwwwwwwwwww      dpqqwqwwwwwwwwwwwwq&          
       mwqwwwwwwwwwwwwww                   &wwqqqwwwwwwwwwwwwwwwwwwqwwwm              -mwwwwwwwwwwwwwwq         
           qwqqwqwwq                         &mqqwwwwwwwwwwwwwwwwwwwd&                    qwwwwwwwwwwww-w       
                                               zmwwqwwwwwwwwwwwwwwwz                        qwwwwwwwwwwqw       
                                                 qwwqwwwwwwwwwwwwq-                         wwqwwwwwwwqqw       
                                                  zwwwwwwwwwwwwqq                             wwwwwwwwqqwqw     
                                                 wmqwwwwwwwwwqwwwp&                           qwwwwwwwwwwwq     
                                            wmqqqwqwwwwwwwwwwwwqqqqwww&                       pwwwwwwwwwwww     
                                          qqqqwwwwwwwwwwwwwwwwwwwwwwwwwwqw                     &wwwwwwwwwww     
                                      &-wwwwwwwwwwwwwwwwwwwwwwwwwwwwwwwqqwww                  dmwwwwwwwqwqq     
                                    &wqwwwwwwwwwwwwwwwwwqwwqwwwwwwwwwwwwwwwwww                wwwwwwwwwwwwq     
                                    qqqwwwwwwwwwqwwqwqmC&  wdwwwwwwqwwwwwwwwwqwq              wwwwwwwwwwwww     
                                  wwqqwwwwwwwwwwwwp              wqwwwwwwwwwwwwwqm          &-wwwwwwwqqwq&      
           &wwwq--              zCqwwwwwwwwwqwq&&                  mwwqqwwwwwwwwww          qqwwwwwwwwwww       
       -mqwwqqwwqqwwwZ          wwwwwwwwwwqww-&                      pqwwqwwwwwwwwwq      pwwwqwwwwwqwqqw       
     wwwqqqwwwwwwwwwwwwm        qwwwwwwwwwwwq                         &qqqwwwwwwwqww    wwqwwwwwwwwwqwq         
     qwwwwwwwwwqqwwqqwqw-&    mwwqqwwwwwqqq                             pwwwwwwwwwwwdwwwwwwwwwwwwwwwqww         
   dwqwwwwqw-   -wwwwwwwww    wqwwwwwwwwwww                             dqwwwwwwwwwwwwwwwwwwwwwwwwwwq           
   wqwwwwwmC      wwwwwwww    wwwwwwwwwwwpk                             -wwwwwwwwwwwwwwwwwwwwwwqwqw             
   wwwwwwwqw&    -wwwwwwqw    wwqwwwwwwww&                              &wwwwwwwwwwwwwwwwwwwqwwww               
   -mqwwwqwww- -mqwwwwwwwp    qqwwwwwwwqw&                              zqwqwwwwwwwwwwwwwwwwwqqww&              
     qwqwwwwqwwwwqwwwwww      qwwwwwwwwwwqm                             -wwwwwwwwwwwwwwwwwwwwwwwwqw             
       wwwwwwwwwwwwwwwCz      wwwwwwwwwwwww                             -wwwwwwwwqqwwwwwwwwwwwwwwwwqw           
         wwwwwwwwwwq          -mwwwwwwwwwww                            dpqwwwwwwwqww  wwwwwwwwwwwwwwwwq         
         qwwqwwwqwww            wwwwwwwwwwwww                         &wqwwwwwwwqqwq    kpqwqwwwwwwwwww         
         qqqqwwwqwqw            wwwwwwwwwwwwqwp                      wwwwwwwwwwwwww-      kmwwwwwwwwwwqqw       
         wwwqwwwwwww              qqwwwwwwwwwqwwZ                  qwwwwwwwwwwwwqq          mwwwwwwwwwwwq       
         wqwqwwwwwww              wwqqqwwwwwwwwwqqw&           w-wwwwwwwwwwwwwwqbw            wwwwwwwwwww-z     
         wwwwwwwwwwq                wwwwwwwwwwwwwwqwwwwwwwwwwwwwwwwwwwwwwwwwqqpp              qqqwwwwwwwwqq     
         qwwwwwwwwww                  qwwwwwwwwwwwwwwwwwwwwwwwwwwwwwwwwwwwqqwq                pwqwwwwwwwwww     
         wwwwwwwwqqw                    wwqwwwwwwwwwwwwwwwwwwwwwwwwwwwwwwwwq                  &wqwwwwwwwqqq     
         qqqqwwwqqqq                      mwwwqwwwwwwwwwwwwwwwwwwwwwwwwqmd                    &wqwwwwwwwqqq     
         qwwwwwwwwww                         zwqwwqqqwwwwwwwwwwwwwwwmm                        qwwwwwwwwwwww     
         wwwwwwwwwqwqw                             wqwqwwwwwwwqqw                             wqwwwwwwwwwwm     
         wwwwwwwwwwwww                           zmwqwwwwwwwwqwqw                             qwqwwwwwqqww-     
          &wqqwwwwwwwwqd                         mwwwwwwwwwwwwwwqwd                         qqqwwwwwwwwwq       
           wwwwwwwwwwqww&                      kqqwqqwwwwwwwwwwwwwqp&                     wmwwwwwwwwwwwww       
           wqqqwwwwwwwwwwq&&                 -mwwwwwwwwwwwwwwwwwwwwqww                  wmwwwwwwwwwwwwq         
             qqwwwwwwwwwqwwwwm            zmwqqqwwwwwwwwwwwwwwwwwwwqqqww              wqwwwwwwwwwwwwwww         
              &wwwwwwwwwwwwwwwwwwqq-mmqwwwwqqwwwwwwwwwqwqwwqwqwwwwwwwwwwqwwqqwwdpqqqqqwwwwwwwwwwwwwww           
               wwqqwwwwwwwwwwwwwwwwwwwwwwwwwwwwwwwwqwwwww  wqwwwwwwwwwwwwwwwwwwwwwwwwwwwwwwwwwwwqqq             
                 zwwwwwwwwwwwwwwwwwwwwwwwwwwwwwwwwqwwwm      mqwqwwwwwwwwwwwwwwwwwwwwwwwwwwwwwwww&              
                    dqqwwwwwwwwwwwwwwwwwwwwwwwwqqwww-          wwqwqqwwwwwwwwwwwwwwwwwwwwwwwwwqz                
                      &-pwwwwwwwwwwwwwwwwwqqqqwwq                  wwwwwwwwwwwwwwwwwwwwqwwqp                    
                            wwmwwwwwqqqwwww                            zCwwwwqwwwwqwwZw&                        
                                                                                                                
                                                                                                                
                                                                                                                